<?xml version="1.0" encoding="UTF-8"?>
<!-- Generated by org.testng.reporters.JUnitReportReporter -->
<testsuite hostname="DESKTOP-VRO47UR" failures="0" tests="1" name="bddselenium.runner.TestNGRunner" time="5.212" errors="0" timestamp="2023-02-12T23:26:12 GMT" skipped="0">
  <testcase classname="bddselenium.runner.TestNGRunner" name="runScenario" time="5.212"/>
  <system-out/>
</testsuite> <!-- bddselenium.runner.TestNGRunner -->
